<?xml version="1.0" encoding="UTF-8"?>
<testsuite name="edu.jsu.mcis.TicTacToeTest" tests="2" skipped="0" failures="0" errors="0" timestamp="2015-01-26T05:54:07" hostname="MrBowTi3-PC" time="0.013">
  <properties/>
  <testcase name="testInitialBoardIsCompletelyEmpty" classname="edu.jsu.mcis.TicTacToeTest" time="0.009"/>
  <testcase name="testWhosTurnToMark" classname="edu.jsu.mcis.TicTacToeTest" time="0.001"/>
  <system-out><![CDATA[]]></system-out>
  <system-err><![CDATA[]]></system-err>
</testsuite>
